0 info it worked if it ends with ok
1 verbose cli [ '/Users/nico/.nvm/versions/io.js/v2.2.1/bin/iojs',
1 verbose cli   '/Users/nico/.nvm/versions/io.js/v2.2.1/bin/npm',
1 verbose cli   'version',
1 verbose cli   'patch' ]
2 info using npm@3.0.0
3 info using node@v2.2.1
4 info preversion measly@1.3.7
5 info git [ 'status', '--porcelain' ]
6 verbose stack Error: Error: Git working directory not clean.
6 verbose stack M package.json
6 verbose stack M src/measly.js
6 verbose stack     at /Users/nico/.nvm/versions/io.js/v2.2.1/lib/node_modules/npm/lib/version.js:73:23
6 verbose stack     at /Users/nico/.nvm/versions/io.js/v2.2.1/lib/node_modules/npm/lib/version.js:153:18
6 verbose stack     at ChildProcess.exithandler (child_process.js:186:7)
6 verbose stack     at emitTwo (events.js:87:13)
6 verbose stack     at ChildProcess.emit (events.js:172:7)
6 verbose stack     at maybeClose (internal/child_process.js:763:16)
6 verbose stack     at Socket.<anonymous> (internal/child_process.js:318:11)
6 verbose stack     at emitOne (events.js:77:13)
6 verbose stack     at Socket.emit (events.js:169:7)
6 verbose stack     at Pipe._onclose (net.js:466:12)
7 verbose cwd /Users/nico/dev/measly
8 error Darwin 14.0.0
9 error argv "/Users/nico/.nvm/versions/io.js/v2.2.1/bin/iojs" "/Users/nico/.nvm/versions/io.js/v2.2.1/bin/npm" "version" "patch"
10 error node v2.2.1
11 error npm  v3.0.0
12 error Error: Git working directory not clean.
12 error M package.json
12 error M src/measly.js
13 error If you need help, you may report this error at:
13 error     <https://github.com/npm/npm/issues>
14 verbose exit [ 1, true ]
